2024-10-17 19:27:13.337756: I tensorflow/core/util/util.cc:169] oneDNN custom operations are on. You may see slightly different numerical results due to floating-point round-off errors from different computation orders. To turn them off, set the environment variable `TF_ENABLE_ONEDNN_OPTS=0`.
2024-10-17 19:27:13.676240: E tensorflow/stream_executor/cuda/cuda_blas.cc:2981] Unable to register cuBLAS factory: Attempting to register factory for plugin cuBLAS when one has already been registered
2024-10-17 19:27:33.348058: I tensorflow/core/common_runtime/gpu/gpu_device.cc:1616] Created device /job:localhost/replica:0/task:0/device:GPU:0 with 62799 MB memory:  -> device: 0, name: NVIDIA A100-SXM-64GB, pci bus id: 0000:1d:00.0, compute capability: 8.0
2024-10-17 19:27:33.351361: I tensorflow/core/common_runtime/gpu/gpu_device.cc:1616] Created device /job:localhost/replica:0/task:0/device:GPU:1 with 62799 MB memory:  -> device: 1, name: NVIDIA A100-SXM-64GB, pci bus id: 0000:56:00.0, compute capability: 8.0
2024-10-17 19:27:33.351688: I tensorflow/core/common_runtime/gpu/gpu_device.cc:1616] Created device /job:localhost/replica:0/task:0/device:GPU:2 with 62799 MB memory:  -> device: 2, name: NVIDIA A100-SXM-64GB, pci bus id: 0000:8f:00.0, compute capability: 8.0
2024-10-17 19:27:33.351994: I tensorflow/core/common_runtime/gpu/gpu_device.cc:1616] Created device /job:localhost/replica:0/task:0/device:GPU:3 with 62799 MB memory:  -> device: 3, name: NVIDIA A100-SXM-64GB, pci bus id: 0000:c8:00.0, compute capability: 8.0
2024-10-17 19:27:39.523639: I tensorflow/stream_executor/cuda/cuda_blas.cc:1614] TensorFloat-32 will be used for the matrix multiplication. This will only be logged once.
2024-10-17 19:27:39.784405: I tensorflow/stream_executor/cuda/cuda_dnn.cc:384] Loaded cuDNN version 8400
/leonardo_scratch/fast/IscrC_AIWAF2/angelo/./valutazione10x.py:757: RuntimeWarning: Mean of empty slice
  squared_errors = np.nanmean(diff_errors_batch**2, axis=(1, 2))# if np.any(~np.isnan(diff_errors_batch)) else np.nan
/leonardo_scratch/fast/IscrC_AIWAF2/angelo/./valutazione10x.py:810: RuntimeWarning: Mean of empty slice
  squared_errors = np.nanmean(diff_errors_batch**2, axis=(1, 2))# if np.any(~np.isnan(diff_errors_batch)) else np.nan
---------------------
residual_n: min: -9.110644340515137, max: 7.022097587585449
baseline_n: min: 5.61483094597617, max: 28.078687727311497
residual mean = -0.0018512280657887459, residual_std = 1.0507057905197144
---------------------
Evaluating quadrant: NW
Evaluating quadrant: NE
Evaluating quadrant: SW
Evaluating quadrant: SE
Quadrant NW - Array of RMSEs: [0.30331333036228586, 0.3046658711919264, 0.3073648411843749, 0.3120398721931284, 0.307244462474905, 0.30165071893301504, 0.3037616643679407, 0.30392351764202635, 0.3036377814672225, 0.30370245370380916]
Quadrant NW - Array of batch standard deviations: [0.11758463885071962, 0.12106465532498663, 0.1222998338110571, 0.12858641702218992, 0.12366528046408909, 0.12118519317090468, 0.11267444175106975, 0.1220036925868289, 0.1202377323009049, 0.12025908060076668]
Quadrant NW - Final result: RMSE = 0.30513045135206346 ± 0.002835938043944114
Quadrant NE - Array of RMSEs: [0.2851258863585038, 0.2799765196605442, 0.2851623367676827, 0.2787328533716719, 0.2838490912408723, 0.2797947799767366, 0.28463690565259536, 0.28062495098196466, 0.2835974333400785, 0.28468340061530734]
Quadrant NE - Array of batch standard deviations: [0.09947685478858555, 0.09646060384947126, 0.10494915569340757, 0.09373706218325238, 0.09511988918262264, 0.09221320008672862, 0.10269135996851161, 0.09668934867163763, 0.0995815076435642, 0.10167252194773445]
Quadrant NE - Final result: RMSE = 0.28261841579659575 ± 0.0023998848990706683
Quadrant SW - Array of RMSEs: [0.30150904628407094, 0.3046780475653924, 0.3071457611207035, 0.30027897048050217, 0.3046189759060091, 0.30360363115709893, 0.3078626032566633, 0.30819924747801175, 0.30530374107202973, 0.30192443511701283]
Quadrant SW - Array of batch standard deviations: [0.09627535876893753, 0.09524410493417407, 0.10188974420537775, 0.09559655167395571, 0.09844103798993882, 0.09708641203648295, 0.09928830414733926, 0.10049940813839246, 0.09472571416533668, 0.096860353595475]
Quadrant SW - Final result: RMSE = 0.3045124459437495 ± 0.0025861515283310452
Quadrant SE - Array of RMSEs: [0.3112005171340725, 0.3119822730042059, 0.31317644238429276, 0.3132967913743865, 0.31027162370800637, 0.313669413046038, 0.3172771476905356, 0.31451333316601493, 0.31347481169391445, 0.312977422434765]
Quadrant SE - Array of batch standard deviations: [0.09202013335562717, 0.09554738249412528, 0.09870240612966202, 0.09522200371578216, 0.09454864848245317, 0.0931192377721716, 0.09918968615520013, 0.09898818451382535, 0.09492537925113843, 0.09243652713112813]
Quadrant SE - Final result: RMSE = 0.3131839775636232 ± 0.00180988737120618
Average final RMSE across all quadrants: 0.301361322664008 ± 0.011349092868013024
---------------------
Dincae - Array of RMSEs: [0.4201247939275296, 0.4201247939275296, 0.4201247939275296, 0.4201247939275296, 0.4201247939275296, 0.42037602697733595, 0.42012458959299337, 0.42012458959299337, 0.42012458958032584, 0.4199762975922717]
Dincae - Array of batch standard deviations: [0.34972341727802525, 0.34972341727802525, 0.34972341727802525, 0.34972341727802525, 0.34972341727802525, 0.3495251284054934, 0.34972364994713917, 0.34972364994713917, 0.3497236472668395, 0.3494855311763857]
Dincae - Final result: RMSE = 0.42013500629735684 ± 9.172044874952297e-05
---------------------
Dincae 10% - Array of RMSEs: [0.34793599738627595, 0.3479359973862759, 0.34793599738627595, 0.3471170099163987, 0.3401391134761403, 0.34571255061673944, 0.34793599738627595, 0.34823120872287605, 0.3479359973862759, 0.3479359973862759]
Dincae 10% - Array of batch standard deviations: [0.15875055418596726, 0.15875055418596723, 0.15875055418596726, 0.15738674924943394, 0.15666388882025647, 0.1581045746256096, 0.15875055418596726, 0.1572884564421324, 0.15875055418596726, 0.15875055418596726]
Dincae 10% - Final result: RMSE = 0.346881586704981 ± 0.0023531932688557293
