2024-10-18 18:40:58.399027: I tensorflow/core/util/util.cc:169] oneDNN custom operations are on. You may see slightly different numerical results due to floating-point round-off errors from different computation orders. To turn them off, set the environment variable `TF_ENABLE_ONEDNN_OPTS=0`.
2024-10-18 18:40:58.712723: E tensorflow/stream_executor/cuda/cuda_blas.cc:2981] Unable to register cuBLAS factory: Attempting to register factory for plugin cuBLAS when one has already been registered
2024-10-18 18:41:18.373161: I tensorflow/core/common_runtime/gpu/gpu_device.cc:1616] Created device /job:localhost/replica:0/task:0/device:GPU:0 with 62799 MB memory:  -> device: 0, name: NVIDIA A100-SXM-64GB, pci bus id: 0000:1d:00.0, compute capability: 8.0
2024-10-18 18:41:18.376247: I tensorflow/core/common_runtime/gpu/gpu_device.cc:1616] Created device /job:localhost/replica:0/task:0/device:GPU:1 with 62799 MB memory:  -> device: 1, name: NVIDIA A100-SXM-64GB, pci bus id: 0000:56:00.0, compute capability: 8.0
2024-10-18 18:41:18.376563: I tensorflow/core/common_runtime/gpu/gpu_device.cc:1616] Created device /job:localhost/replica:0/task:0/device:GPU:2 with 62799 MB memory:  -> device: 2, name: NVIDIA A100-SXM-64GB, pci bus id: 0000:8f:00.0, compute capability: 8.0
2024-10-18 18:41:18.376871: I tensorflow/core/common_runtime/gpu/gpu_device.cc:1616] Created device /job:localhost/replica:0/task:0/device:GPU:3 with 62799 MB memory:  -> device: 3, name: NVIDIA A100-SXM-64GB, pci bus id: 0000:c8:00.0, compute capability: 8.0
2024-10-18 18:41:24.715102: I tensorflow/stream_executor/cuda/cuda_blas.cc:1614] TensorFloat-32 will be used for the matrix multiplication. This will only be logged once.
2024-10-18 18:41:25.002103: I tensorflow/stream_executor/cuda/cuda_dnn.cc:384] Loaded cuDNN version 8400
/leonardo_scratch/fast/IscrC_AIWAF2/angelo/./valutazione10x.py:757: RuntimeWarning: Mean of empty slice
  squared_errors = np.nanmean(diff_errors_batch**2, axis=(1, 2))# if np.any(~np.isnan(diff_errors_batch)) else np.nan
/leonardo_scratch/fast/IscrC_AIWAF2/angelo/./valutazione10x.py:810: RuntimeWarning: Mean of empty slice
  squared_errors = np.nanmean(diff_errors_batch**2, axis=(1, 2))# if np.any(~np.isnan(diff_errors_batch)) else np.nan
---------------------
residual_n: min: -9.110644340515137, max: 7.022097587585449
baseline_n: min: 5.61483094597617, max: 28.078687727311497
residual mean = -0.0018512280657887459, residual_std = 1.0507057905197144
---------------------
Evaluating quadrant: NW
Evaluating quadrant: NE
Evaluating quadrant: SW
Evaluating quadrant: SE
Quadrant NW - Array of RMSEs: [0.3238588025913442, 0.32138586768325156, 0.3243994078991008, 0.32704634752883716, 0.31785539709519917, 0.32381297496083433, 0.3156928095775451, 0.32195616721436193, 0.3273329256750193, 0.32123828348388045]
Quadrant NW - Array of batch standard deviations: [0.12619302248736458, 0.1261900998333877, 0.118937908984872, 0.13119989817463623, 0.12005394003215278, 0.12005918329108843, 0.11924399019321581, 0.1187594235004301, 0.1305720933465126, 0.11856376578820135]
Quadrant NW - Final result: RMSE = 0.3224578983709374 ± 0.0034960816657304905
Quadrant NE - Array of RMSEs: [0.29842930266070433, 0.30084430814486274, 0.2999184398791746, 0.2973727744403659, 0.2981700446622078, 0.29976262845435747, 0.29695948982714027, 0.2980755672884441, 0.30277889882941866, 0.29651278173860046]
Quadrant NE - Array of batch standard deviations: [0.10284669621378195, 0.10084448458694494, 0.10215862283832595, 0.09601758883781328, 0.1001800177088115, 0.09948874304646049, 0.09764487730445238, 0.09591437295329894, 0.10175885707899264, 0.09670387677550106]
Quadrant NE - Final result: RMSE = 0.29888242359252765 ± 0.0018394384298642617
Quadrant SW - Array of RMSEs: [0.3154956270623624, 0.30967147101185816, 0.31288990905836295, 0.3121931108701122, 0.31090617723388764, 0.30818774474783406, 0.3117321938149621, 0.31016260302259907, 0.31196329179794163, 0.3085069834771153]
Quadrant SW - Array of batch standard deviations: [0.10114554202137067, 0.10164645183490754, 0.10169436469292442, 0.09724324689873096, 0.09809039356135338, 0.09959172181295367, 0.10113182351415242, 0.09700443658786007, 0.09649200634702465, 0.09955027552632047]
Quadrant SW - Final result: RMSE = 0.3111709112097036 ± 0.0020730846968703377
Quadrant SE - Array of RMSEs: [0.31720179883977634, 0.31733307860485105, 0.32064680546369445, 0.3210399457090024, 0.32076886492790463, 0.3172925415839779, 0.31583259216432863, 0.323297451536882, 0.32163355700432833, 0.3227653360337166]
Quadrant SE - Array of batch standard deviations: [0.09729030940969692, 0.09981881035520353, 0.09644218392888779, 0.09417269795318166, 0.09774937665624976, 0.09549166369162125, 0.09606794970123708, 0.09804174930704275, 0.10231060185576879, 0.10306041751116676]
Quadrant SE - Final result: RMSE = 0.3197811971868463 ± 0.00249882068305412
Average final RMSE across all quadrants: 0.31307310759000373 ± 0.00919329412434161
---------------------
Dincae - Array of RMSEs: [0.44069279149641516, 0.44069279149641516, 0.44069279149641516, 0.44069279149641516, 0.44069279149641516, 0.4409175028754549, 0.44069295295088784, 0.4406929529508878, 0.44069292359263973, 0.44053595274248813]
Dincae - Array of batch standard deviations: [0.3601495071674515, 0.3601495071674515, 0.3601495071674515, 0.3601495071674515, 0.3601495071674515, 0.35992991230646554, 0.3601494065601716, 0.3601494065601716, 0.3601494136170971, 0.3599056651632342]
Dincae - Final result: RMSE = 0.4406996242594435 ± 8.638680552134264e-05
---------------------
Dincae 10% - Array of RMSEs: [0.364009716751744, 0.364009716751744, 0.36400971675174393, 0.3630705537808225, 0.35608211404341816, 0.36165893472320376, 0.364009716751744, 0.36450567262190775, 0.364009716751744, 0.364009716751744]
Dincae 10% - Array of batch standard deviations: [0.16178406137423917, 0.16178406137423917, 0.16178406137423917, 0.16042482575506956, 0.15950419423889686, 0.1611901505015476, 0.16178406137423917, 0.16031972371146982, 0.16178406137423917, 0.16178406137423917]
Dincae 10% - Final result: RMSE = 0.36293755756798163 ± 0.002408439474111865
